<?xml version="1.0" encoding="UTF-8"?>
<testsuites name="Mocha Tests" time="16.9480" tests="1" failures="1">
  <testsuite name="Root Suite" timestamp="2021-12-08T18:38:23" tests="0" file="tests/cypress/tests/03-create/02-verify-invalid-sc.spec.js" time="0.0000" failures="0">
  </testsuite>
  <testsuite name="Search: Test resiliency" timestamp="2021-12-08T18:38:28" tests="1" time="16.9480" failures="1">
    <testcase name="RHACM4K-1694: Search resiliency verification" time="16.9480" classname="Search: Test resiliency RHACM4K-1694: Search resiliency verification">
      <failure message="Timed out retrying after 15000ms: Expected to find element: `#inputUsername`, but never found it." type="AssertionError"><![CDATA[AssertionError: Timed out retrying after 15000ms: Expected to find element: `#inputUsername`, but never found it.
    at Context.eval (https://multicloud-console.apps.ocp4-acm24-azgov-01.qemag.azure.devcluster.openshift.com/__cypress/tests?p=tests/cypress/support/index.js:8227:10)]]></failure>
    </testcase>
  </testsuite>
</testsuites>